||
||
||
⼐            [  T0   0/1  ]
||
||

1) Add Package
2) Update One Tick
3) Update X Ticks
4) Make New Simulator
5) Set Appearance
0) Quit

Choice:> Please, input an integer
||
||
||
⼐            [  T0   0/1  ]
||
||

1) Add Package
2) Update One Tick
3) Update X Ticks
4) Make New Simulator
5) Set Appearance
0) Quit

Choice:> Please, input an integer
||
||
||
⼐            [  T0   0/1  ]
||
||

1) Add Package
2) Update One Tick
3) Update X Ticks
4) Make New Simulator
5) Set Appearance
0) Quit

Choice:> Out of 0-5 range
||
||
||
⼐            [  T0   0/1  ]
||
||

1) Add Package
2) Update One Tick
3) Update X Ticks
4) Make New Simulator
5) Set Appearance
0) Quit

Choice:> Out of 0-5 range
||
||
||
⼐            [  T0   0/1  ]
||
||

1) Add Package
2) Update One Tick
3) Update X Ticks
4) Make New Simulator
5) Set Appearance
0) Quit

Choice:> 