||
||
||
⼐            [  T0   0/1  ]
||
||

1) Add Package
2) Update One Tick
3) Update X Ticks
4) Make New Simulator
5) Set Appearance
0) Quit

Choice:> Type:> Max Units:> ⍽:1 0/2
||
||
⼐            [  T0   0/1  ]
||
||

1) Add Package
2) Update One Tick
3) Update X Ticks
4) Make New Simulator
5) Set Appearance
0) Quit

Choice:> Type:> Max Units:> ⍽:1 0/2
||
||
⼐            [  T0   0/1  ]
||
||

1) Add Package
2) Update One Tick
3) Update X Ticks
4) Make New Simulator
5) Set Appearance
0) Quit

Choice:> Type:> Please, input an integer
⍽:1 0/2
||
||
⼐            [  T0   0/1  ]
||
||

1) Add Package
2) Update One Tick
3) Update X Ticks
4) Make New Simulator
5) Set Appearance
0) Quit

Choice:> Type:> Max Units:> Please, input an integer
⍽:1 0/2
||
||
⼐            [  T0   0/1  ]
||
||

1) Add Package
2) Update One Tick
3) Update X Ticks
4) Make New Simulator
5) Set Appearance
0) Quit

Choice:> 