||
||
||
â¼            [  T0   0/1  ]
||
||

1) Add Package
2) Update One Tick
3) Update X Ticks
4) Make New Simulator
5) Set Appearance
0) Quit

Choice:> Line (1) or Station (2):> Length:> Add another component (n to stop):> Line (1) or Station (2):> Fill behavior: None (1), Fill (2), Type Fill (3):> Add another component (n to stop):> Line (1) or Station (2):> Length:> Add another component (n to stop):> Line (1) or Station (2):> Fill behavior: None (1), Fill (2), Type Fill (3):> Fill units:> Package weight:> Add another component (n to stop):> Line (1) or Station (2):> Length:> Add another component (n to stop):> Line (1) or Station (2):> Fill behavior: None (1), Fill (2), Type Fill (3):> Fill units:> Package weight:> Add another component (n to stop):> Line (1) or Station (2):> Length:> Add another component (n to stop):> Line (1) or Station (2):> Fill behavior: None (1), Fill (2), Type Fill (3):> Type:> Fill units:> Package weight:> Add another component (n to stop):> Line (1) or Station (2):> Length:> Add another component (n to stop):> Line (1) or Station (2):> Fill behavior: None (1), Fill (2), Type Fill (3):> Type:> Fill units:> Package weight:> Add another component (n to stop):> Line (1) or Station (2):> Length:> Add another component (n to stop):> Line (1) or Station (2):> Fill behavior: None (1), Fill (2), Type Fill (3):> Type:> Fill units:> Package weight:> Add another component (n to stop):> Line (1) or Station (2):> Length:> Add another component (n to stop):> ||
||
â¼            [  T0   0/1  ]
||
â¼            [  T0   5/20 ]
||
â¼            [  T0  10/20 ]
||
â¼            [  T1   5/20 ]
||
â¼            [  T2   5/25 ]
||
â¼            [  T2   5/20 ]
||

1) Add Package
2) Update One Tick
3) Update X Ticks
4) Make New Simulator
5) Set Appearance
0) Quit

Choice:> Appearance: Default (1), Color (2), Compacted (3):> ||
||
â¼            [  T0   0/1  ]
||
â¼            [  T0   5/20 ]
||
â¼            [  T0  10/20 ]
||
â¼            [  T1   5/20 ]
||
â¼            [  T2   5/25 ]
||
â¼            [  T2   5/20 ]
||

1) Add Package
2) Update One Tick
3) Update X Ticks
4) Make New Simulator
5) Set Appearance
0) Quit

Choice:> Type:> Max Units:> â½:0 0/5
||
â¼            [  T0   0/1  ]
||
â¼            [  T0   5/20 ]
||
â¼            [  T0  10/20 ]
||
â¼            [  T1   5/20 ]
||
â¼            [  T2   5/25 ]
||
â¼            [  T2   5/20 ]
||

1) Add Package
2) Update One Tick
3) Update X Ticks
4) Make New Simulator
5) Set Appearance
0) Quit

Choice:> ||
â½:0 0/5
â¼            [  T0   0/1  ]
||
â¼            [  T0   5/20 ]
||
â¼            [  T0  10/20 ]
||
â¼            [  T1   5/20 ]
||
â¼            [  T2   5/25 ]
||
â¼            [  T2   5/20 ]
||

1) Add Package
2) Update One Tick
3) Update X Ticks
4) Make New Simulator
5) Set Appearance
0) Quit

Choice:> Type:> Max Units:> â½:0 0/5
â½:0 0/5
â¼            [  T0   0/1  ]
||
â¼            [  T0   5/20 ]
||
â¼            [  T0  10/20 ]
||
â¼            [  T1   5/20 ]
||
â¼            [  T2   5/25 ]
||
â¼            [  T2   5/20 ]
||

1) Add Package
2) Update One Tick
3) Update X Ticks
4) Make New Simulator
5) Set Appearance
0) Quit

Choice:> ||
â½:0 0/5
[34m|â½:0 0/5|    [  T0   0/1  ][0m
||
â¼            [  T0   5/20 ]
||
â¼            [  T0  10/20 ]
||
â¼            [  T1   5/20 ]
||
â¼            [  T2   5/25 ]
||
â¼            [  T2   5/20 ]
||

1) Add Package
2) Update One Tick
3) Update X Ticks
4) Make New Simulator
5) Set Appearance
0) Quit

Choice:> Type:> Max Units:> â½:0 0/5
â½:0 0/5
[34m|â½:0 0/5|    [  T0   0/1  ][0m
||
â¼            [  T0   5/20 ]
||
â¼            [  T0  10/20 ]
||
â¼            [  T1   5/20 ]
||
â¼            [  T2   5/25 ]
||
â¼            [  T2   5/20 ]
||

1) Add Package
2) Update One Tick
3) Update X Ticks
4) Make New Simulator
5) Set Appearance
0) Quit

Choice:> ||
â½:0 0/5
[34m|â½:0 0/5|    [  T0   0/1  ][0m
â½:0 0/5
â¼            [  T0   5/20 ]
||
â¼            [  T0  10/20 ]
||
â¼            [  T1   5/20 ]
||
â¼            [  T2   5/25 ]
||
â¼            [  T2   5/20 ]
||

1) Add Package
2) Update One Tick
3) Update X Ticks
4) Make New Simulator
5) Set Appearance
0) Quit

Choice:> Type:> Max Units:> â½:0 0/5
â½:0 0/5
[34m|â½:0 0/5|    [  T0   0/1  ][0m
â½:0 0/5
â¼            [  T0   5/20 ]
||
â¼            [  T0  10/20 ]
||
â¼            [  T1   5/20 ]
||
â¼            [  T2   5/25 ]
||
â¼            [  T2   5/20 ]
||

1) Add Package
2) Update One Tick
3) Update X Ticks
4) Make New Simulator
5) Set Appearance
0) Quit

Choice:> ||
â½:0 0/5
[34m|â½:0 0/5|    [  T0   0/1  ][0m
â½:0 0/5
[34m|â½:0 0/5|    [  T0   5/20 ][0m
||
â¼            [  T0  10/20 ]
||
â¼            [  T1   5/20 ]
||
â¼            [  T2   5/25 ]
||
â¼            [  T2   5/20 ]
||

1) Add Package
2) Update One Tick
3) Update X Ticks
4) Make New Simulator
5) Set Appearance
0) Quit

Choice:> Type:> Max Units:> â½:0 0/5
â½:0 0/5
[34m|â½:0 0/5|    [  T0   0/1  ][0m
â½:0 0/5
[34m|â½:0 0/5|    [  T0   5/20 ][0m
||
â¼            [  T0  10/20 ]
||
â¼            [  T1   5/20 ]
||
â¼            [  T2   5/25 ]
||
â¼            [  T2   5/20 ]
||

1) Add Package
2) Update One Tick
3) Update X Ticks
4) Make New Simulator
5) Set Appearance
0) Quit

Choice:> ||
â½:0 0/5
[34m|â½:0 0/5|    [  T0   0/1  ][0m
â½:0 0/5
[34m|â½:0 0/5|    [  T0   5/20 ][0m
||
â¼            [  T0  10/20 ]
||
â¼            [  T1   5/20 ]
||
â¼            [  T2   5/25 ]
||
â¼            [  T2   5/20 ]
||

1) Add Package
2) Update One Tick
3) Update X Ticks
4) Make New Simulator
5) Set Appearance
0) Quit

Choice:> Type:> Max Units:> â½:0 0/5
â½:0 0/5
[34m|â½:0 0/5|    [  T0   0/1  ][0m
â½:0 0/5
[34m|â½:0 0/5|    [  T0   5/20 ][0m
||
â¼            [  T0  10/20 ]
||
â¼            [  T1   5/20 ]
||
â¼            [  T2   5/25 ]
||
â¼            [  T2   5/20 ]
||

1) Add Package
2) Update One Tick
3) Update X Ticks
4) Make New Simulator
5) Set Appearance
0) Quit

Choice:> ||
â½:0 0/5
[34m|â½:0 0/5|    [  T0   0/1  ][0m
â½:0 0/5
[34m|â½:0 0/5|    [  T0   5/20 ][0m
||
â¼            [  T0  10/20 ]
||
â¼            [  T1   5/20 ]
||
â¼            [  T2   5/25 ]
||
â¼            [  T2   5/20 ]
||

1) Add Package
2) Update One Tick
3) Update X Ticks
4) Make New Simulator
5) Set Appearance
0) Quit

Choice:> How many updates:> ||
||
[34m|â½:0 0/5|    [  T0   0/1  ][0m
â½:0 0/5
[34m|â½:0 0/5|    [  T0   5/20 ][0m
||
â¼            [  T0  10/20 ]
||
â¼            [  T1   5/20 ]
||
â¼            [  T2   5/25 ]
||
â¼            [  T2   5/20 ]
||

||
||
â¼            [  T0   0/1  ]
â½:0 0/5
[34m|â½:0 0/5|    [  T0   5/20 ][0m
||
â¼            [  T0  10/20 ]
||
â¼            [  T1   5/20 ]
||
â¼            [  T2   5/25 ]
||
â¼            [  T2   5/20 ]
||

||
||
â¼            [  T0   0/1  ]
||
[34m|â½:0 0/5|    [  T0   5/20 ][0m
||
â¼            [  T0  10/20 ]
||
â¼            [  T1   5/20 ]
||
â¼            [  T2   5/25 ]
||
â¼            [  T2   5/20 ]
||

1) Add Package
2) Update One Tick
3) Update X Ticks
4) Make New Simulator
5) Set Appearance
0) Quit

Choice:> Type:> Max Units:> â½:0 0/15
||
â¼            [  T0   0/1  ]
||
[34m|â½:0 0/5|    [  T0   5/20 ][0m
||
â¼            [  T0  10/20 ]
||
â¼            [  T1   5/20 ]
||
â¼            [  T2   5/25 ]
||
â¼            [  T2   5/20 ]
||

1) Add Package
2) Update One Tick
3) Update X Ticks
4) Make New Simulator
5) Set Appearance
0) Quit

Choice:> ||
â½:0 0/15
â¼            [  T0   0/1  ]
||
â¼            [  T0   5/20 ]
||
â¼            [  T0  10/20 ]
||
â¼            [  T1   5/20 ]
||
â¼            [  T2   5/25 ]
||
â¼            [  T2   5/20 ]
||

1) Add Package
2) Update One Tick
3) Update X Ticks
4) Make New Simulator
5) Set Appearance
0) Quit

Choice:> Type:> Max Units:> â½:0 0/15
â½:0 0/15
â¼            [  T0   0/1  ]
||
â¼            [  T0   5/20 ]
||
â¼            [  T0  10/20 ]
||
â¼            [  T1   5/20 ]
||
â¼            [  T2   5/25 ]
||
â¼            [  T2   5/20 ]
||

1) Add Package
2) Update One Tick
3) Update X Ticks
4) Make New Simulator
5) Set Appearance
0) Quit

Choice:> ||
â½:0 0/15
[34m|â½:0 0/15|   [  T0   0/1  ][0m
||
â¼            [  T0   5/20 ]
||
â¼            [  T0  10/20 ]
||
â¼            [  T1   5/20 ]
||
â¼            [  T2   5/25 ]
||
â¼            [  T2   5/20 ]
||

1) Add Package
2) Update One Tick
3) Update X Ticks
4) Make New Simulator
5) Set Appearance
0) Quit

Choice:> Type:> Max Units:> â½:0 0/15
â½:0 0/15
[34m|â½:0 0/15|   [  T0   0/1  ][0m
||
â¼            [  T0   5/20 ]
||
â¼            [  T0  10/20 ]
||
â¼            [  T1   5/20 ]
||
â¼            [  T2   5/25 ]
||
â¼            [  T2   5/20 ]
||

1) Add Package
2) Update One Tick
3) Update X Ticks
4) Make New Simulator
5) Set Appearance
0) Quit

Choice:> How many updates:> ||
â½:0 0/15
[34m|â½:0 0/15|   [  T0   0/1  ][0m
â½:0 0/15
â¼            [  T0   5/20 ]
||
â¼            [  T0  10/20 ]
||
â¼            [  T1   5/20 ]
||
â¼            [  T2   5/25 ]
||
â¼            [  T2   5/20 ]
||

||
||
[34m|â½:0 0/15|   [  T0   0/1  ][0m
â½:0 0/15
[34m|â½:0 0/15|   [  T0   5/20 ][0m
||
â¼            [  T0  10/20 ]
||
â¼            [  T1   5/20 ]
||
â¼            [  T2   5/25 ]
||
â¼            [  T2   5/20 ]
||

||
||
â¼            [  T0   0/1  ]
â½:0 0/15
[34m|â½:0 0/15|   [  T0   5/20 ][0m
â½:0 5/15
â¼            [  T0  10/20 ]
||
â¼            [  T1   5/20 ]
||
â¼            [  T2   5/25 ]
||
â¼            [  T2   5/20 ]
||

||
||
â¼            [  T0   0/1  ]
||
[34m|â½:0 0/15|   [  T0   5/20 ][0m
â½:0 5/15
[34m|â½:0 5/15|   [  T0  10/20 ][0m
||
â¼            [  T1   5/20 ]
||
â¼            [  T2   5/25 ]
||
â¼            [  T2   5/20 ]
||

||
||
â¼            [  T0   0/1  ]
||
â¼            [  T0   5/20 ]
â½:0 5/15
[34m|â½:0 5/15|   [  T0  10/20 ][0m
||
â¼            [  T1   5/20 ]
||
â¼            [  T2   5/25 ]
||
â¼            [  T2   5/20 ]
||

||
||
â¼            [  T0   0/1  ]
||
â¼            [  T0   5/20 ]
||
[34m|â½:0 5/15|   [  T0  10/20 ][0m
||
â¼            [  T1   5/20 ]
||
â¼            [  T2   5/25 ]
||
â¼            [  T2   5/20 ]
||

1) Add Package
2) Update One Tick
3) Update X Ticks
4) Make New Simulator
5) Set Appearance
0) Quit

Choice:> Type:> Max Units:> â½:1 0/100
||
â¼            [  T0   0/1  ]
||
â¼            [  T0   5/20 ]
||
[34m|â½:0 5/15|   [  T0  10/20 ][0m
||
â¼            [  T1   5/20 ]
||
â¼            [  T2   5/25 ]
||
â¼            [  T2   5/20 ]
||

1) Add Package
2) Update One Tick
3) Update X Ticks
4) Make New Simulator
5) Set Appearance
0) Quit

Choice:> ||
â½:1 0/100
â¼            [  T0   0/1  ]
||
â¼            [  T0   5/20 ]
||
â¼            [  T0  10/20 ]
||
â¼            [  T1   5/20 ]
||
â¼            [  T2   5/25 ]
||
â¼            [  T2   5/20 ]
||

1) Add Package
2) Update One Tick
3) Update X Ticks
4) Make New Simulator
5) Set Appearance
0) Quit

Choice:> Type:> Max Units:> â½:1 0/100
â½:1 0/100
â¼            [  T0   0/1  ]
||
â¼            [  T0   5/20 ]
||
â¼            [  T0  10/20 ]
||
â¼            [  T1   5/20 ]
||
â¼            [  T2   5/25 ]
||
â¼            [  T2   5/20 ]
||

1) Add Package
2) Update One Tick
3) Update X Ticks
4) Make New Simulator
5) Set Appearance
0) Quit

Choice:> ||
â½:1 0/100
[34m|â½:1 0/100|  [  T0   0/1  ][0m
||
â¼            [  T0   5/20 ]
||
â¼            [  T0  10/20 ]
||
â¼            [  T1   5/20 ]
||
â¼            [  T2   5/25 ]
||
â¼            [  T2   5/20 ]
||

1) Add Package
2) Update One Tick
3) Update X Ticks
4) Make New Simulator
5) Set Appearance
0) Quit

Choice:> Type:> Max Units:> â½:1 0/100
â½:1 0/100
[34m|â½:1 0/100|  [  T0   0/1  ][0m
||
â¼            [  T0   5/20 ]
||
â¼            [  T0  10/20 ]
||
â¼            [  T1   5/20 ]
||
â¼            [  T2   5/25 ]
||
â¼            [  T2   5/20 ]
||

1) Add Package
2) Update One Tick
3) Update X Ticks
4) Make New Simulator
5) Set Appearance
0) Quit

Choice:> ||
â½:1 0/100
[34m|â½:1 0/100|  [  T0   0/1  ][0m
â½:1 0/100
â¼            [  T0   5/20 ]
||
â¼            [  T0  10/20 ]
||
â¼            [  T1   5/20 ]
||
â¼            [  T2   5/25 ]
||
â¼            [  T2   5/20 ]
||

1) Add Package
2) Update One Tick
3) Update X Ticks
4) Make New Simulator
5) Set Appearance
0) Quit

Choice:> Type:> Max Units:> â½:2 0/22
â½:1 0/100
[34m|â½:1 0/100|  [  T0   0/1  ][0m
â½:1 0/100
â¼            [  T0   5/20 ]
||
â¼            [  T0  10/20 ]
||
â¼            [  T1   5/20 ]
||
â¼            [  T2   5/25 ]
||
â¼            [  T2   5/20 ]
||

1) Add Package
2) Update One Tick
3) Update X Ticks
4) Make New Simulator
5) Set Appearance
0) Quit

Choice:> ||
â½:2 0/22
[34m|â½:1 0/100|  [  T0   0/1  ][0m
â½:1 0/100
[34m|â½:1 0/100|  [  T0   5/20 ][0m
||
â¼            [  T0  10/20 ]
||
â¼            [  T1   5/20 ]
||
â¼            [  T2   5/25 ]
||
â¼            [  T2   5/20 ]
||

1) Add Package
2) Update One Tick
3) Update X Ticks
4) Make New Simulator
5) Set Appearance
0) Quit

Choice:> Type:> Max Units:> â½:2 0/22
â½:2 0/22
[34m|â½:1 0/100|  [  T0   0/1  ][0m
â½:1 0/100
[34m|â½:1 0/100|  [  T0   5/20 ][0m
||
â¼            [  T0  10/20 ]
||
â¼            [  T1   5/20 ]
||
â¼            [  T2   5/25 ]
||
â¼            [  T2   5/20 ]
||

1) Add Package
2) Update One Tick
3) Update X Ticks
4) Make New Simulator
5) Set Appearance
0) Quit

Choice:> ||
â½:2 0/22
[34m|â½:2 0/22|   [  T0   0/1  ][0m
â½:1 0/100
[34m|â½:1 0/100|  [  T0   5/20 ][0m
â½:1 5/100
â¼            [  T0  10/20 ]
||
â¼            [  T1   5/20 ]
||
â¼            [  T2   5/25 ]
||
â¼            [  T2   5/20 ]
||

1) Add Package
2) Update One Tick
3) Update X Ticks
4) Make New Simulator
5) Set Appearance
0) Quit

Choice:> How many updates:> ||
||
[34m|â½:2 0/22|   [  T0   0/1  ][0m
â½:2 0/22
[34m|â½:1 0/100|  [  T0   5/20 ][0m
â½:1 5/100
[34m|â½:1 5/100|  [  T0  10/20 ][0m
||
â¼            [  T1   5/20 ]
||
â¼            [  T2   5/25 ]
||
â¼            [  T2   5/20 ]
||

||
||
â¼            [  T0   0/1  ]
â½:2 0/22
[34m|â½:2 0/22|   [  T0   5/20 ][0m
â½:1 5/100
[34m|â½:1 5/100|  [  T0  10/20 ][0m
â½:1 15/100
â¼            [  T1   5/20 ]
||
â¼            [  T2   5/25 ]
||
â¼            [  T2   5/20 ]
||

||
||
â¼            [  T0   0/1  ]
||
[34m|â½:2 0/22|   [  T0   5/20 ][0m
â½:2 5/22
[34m|â½:1 5/100|  [  T0  10/20 ][0m
â½:1 15/100
[31m|â½:1 15/100| [  T1   5/20 ][0m
||
â¼            [  T2   5/25 ]
||
â¼            [  T2   5/20 ]
||

||
||
â¼            [  T0   0/1  ]
||
â¼            [  T0   5/20 ]
â½:2 5/22
[34m|â½:2 5/22|   [  T0  10/20 ][0m
â½:1 15/100
[31m|â½:1 15/100| [  T1   5/20 ][0m
||
â¼            [  T2   5/25 ]
||
â¼            [  T2   5/20 ]
||

||
||
â¼            [  T0   0/1  ]
||
â¼            [  T0   5/20 ]
||
[34m|â½:2 5/22|   [  T0  10/20 ][0m
â½:2 15/22
[31m|â½:1 15/100| [  T1   5/20 ][0m
||
â¼            [  T2   5/25 ]
||
â¼            [  T2   5/20 ]
||

||
||
â¼            [  T0   0/1  ]
||
â¼            [  T0   5/20 ]
||
â¼            [  T0  10/20 ]
â½:2 15/22
[31m|â½:2 15/22|  [  T1   5/20 ][0m
||
â¼            [  T2   5/25 ]
||
â¼            [  T2   5/20 ]
||

||
||
â¼            [  T0   0/1  ]
||
â¼            [  T0   5/20 ]
||
â¼            [  T0  10/20 ]
||
[31m|â½:2 15/22|  [  T1   5/20 ][0m
â½:2 15/22
â¼            [  T2   5/25 ]
||
â¼            [  T2   5/20 ]
||

||
||
â¼            [  T0   0/1  ]
||
â¼            [  T0   5/20 ]
||
â¼            [  T0  10/20 ]
||
â¼            [  T1   5/20 ]
â½:2 15/22
[34m|â½:2 15/22|  [  T2   5/25 ][0m
||
â¼            [  T2   5/20 ]
||

||
||
â¼            [  T0   0/1  ]
||
â¼            [  T0   5/20 ]
||
â¼            [  T0  10/20 ]
||
â¼            [  T1   5/20 ]
||
[34m|â½:2 15/22|  [  T2   5/25 ][0m
â½:2 20/22
â¼            [  T2   5/20 ]
||

||
||
â¼            [  T0   0/1  ]
||
â¼            [  T0   5/20 ]
||
â¼            [  T0  10/20 ]
||
â¼            [  T1   5/20 ]
||
â¼            [  T2   5/25 ]
â½:2 20/22
[31m|â½:2 20/22|  [  T2   5/20 ][0m
||

||
||
â¼            [  T0   0/1  ]
||
â¼            [  T0   5/20 ]
||
â¼            [  T0  10/20 ]
||
â¼            [  T1   5/20 ]
||
â¼            [  T2   5/25 ]
||
[31m|â½:2 20/22|  [  T2   5/20 ][0m
||

1) Add Package
2) Update One Tick
3) Update X Ticks
4) Make New Simulator
5) Set Appearance
0) Quit

Choice:> Type:> Max Units:> â½:5 0/100
||
â¼            [  T0   0/1  ]
||
â¼            [  T0   5/20 ]
||
â¼            [  T0  10/20 ]
||
â¼            [  T1   5/20 ]
||
â¼            [  T2   5/25 ]
||
[31m|â½:2 20/22|  [  T2   5/20 ][0m
||

1) Add Package
2) Update One Tick
3) Update X Ticks
4) Make New Simulator
5) Set Appearance
0) Quit

Choice:> How many updates:> ||
â½:5 0/100
â¼            [  T0   0/1  ]
||
â¼            [  T0   5/20 ]
||
â¼            [  T0  10/20 ]
||
â¼            [  T1   5/20 ]
||
â¼            [  T2   5/25 ]
||
â¼            [  T2   5/20 ]
||

||
||
[34m|â½:5 0/100|  [  T0   0/1  ][0m
||
â¼            [  T0   5/20 ]
||
â¼            [  T0  10/20 ]
||
â¼            [  T1   5/20 ]
||
â¼            [  T2   5/25 ]
||
â¼            [  T2   5/20 ]
||

||
||
â¼            [  T0   0/1  ]
â½:5 0/100
â¼            [  T0   5/20 ]
||
â¼            [  T0  10/20 ]
||
â¼            [  T1   5/20 ]
||
â¼            [  T2   5/25 ]
||
â¼            [  T2   5/20 ]
||

||
||
â¼            [  T0   0/1  ]
||
[34m|â½:5 0/100|  [  T0   5/20 ][0m
||
â¼            [  T0  10/20 ]
||
â¼            [  T1   5/20 ]
||
â¼            [  T2   5/25 ]
||
â¼            [  T2   5/20 ]
||

||
||
â¼            [  T0   0/1  ]
||
â¼            [  T0   5/20 ]
â½:5 5/100
â¼            [  T0  10/20 ]
||
â¼            [  T1   5/20 ]
||
â¼            [  T2   5/25 ]
||
â¼            [  T2   5/20 ]
||

||
||
â¼            [  T0   0/1  ]
||
â¼            [  T0   5/20 ]
||
[34m|â½:5 5/100|  [  T0  10/20 ][0m
||
â¼            [  T1   5/20 ]
||
â¼            [  T2   5/25 ]
||
â¼            [  T2   5/20 ]
||

||
||
â¼            [  T0   0/1  ]
||
â¼            [  T0   5/20 ]
||
â¼            [  T0  10/20 ]
â½:5 15/100
â¼            [  T1   5/20 ]
||
â¼            [  T2   5/25 ]
||
â¼            [  T2   5/20 ]
||

||
||
â¼            [  T0   0/1  ]
||
â¼            [  T0   5/20 ]
||
â¼            [  T0  10/20 ]
||
[31m|â½:5 15/100| [  T1   5/20 ][0m
||
â¼            [  T2   5/25 ]
||
â¼            [  T2   5/20 ]
||

||
||
â¼            [  T0   0/1  ]
||
â¼            [  T0   5/20 ]
||
â¼            [  T0  10/20 ]
||
â¼            [  T1   5/20 ]
â½:5 15/100
â¼            [  T2   5/25 ]
||
â¼            [  T2   5/20 ]
||

||
||
â¼            [  T0   0/1  ]
||
â¼            [  T0   5/20 ]
||
â¼            [  T0  10/20 ]
||
â¼            [  T1   5/20 ]
||
[34m|â½:5 15/100| [  T2   5/25 ][0m
||
â¼            [  T2   5/20 ]
||

||
||
â¼            [  T0   0/1  ]
||
â¼            [  T0   5/20 ]
||
â¼            [  T0  10/20 ]
||
â¼            [  T1   5/20 ]
||
â¼            [  T2   5/25 ]
â½:5 15/100
â¼            [  T2   5/20 ]
||

||
||
â¼            [  T0   0/1  ]
||
â¼            [  T0   5/20 ]
||
â¼            [  T0  10/20 ]
||
â¼            [  T1   5/20 ]
||
â¼            [  T2   5/25 ]
||
[31m|â½:5 15/100| [  T2   5/20 ][0m
||

||
||
â¼            [  T0   0/1  ]
||
â¼            [  T0   5/20 ]
||
â¼            [  T0  10/20 ]
||
â¼            [  T1   5/20 ]
||
â¼            [  T2   5/25 ]
||
â¼            [  T2   5/20 ]
â½:5 15/100

||
||
â¼            [  T0   0/1  ]
||
â¼            [  T0   5/20 ]
||
â¼            [  T0  10/20 ]
||
â¼            [  T1   5/20 ]
||
â¼            [  T2   5/25 ]
||
â¼            [  T2   5/20 ]
||

1) Add Package
2) Update One Tick
3) Update X Ticks
4) Make New Simulator
5) Set Appearance
0) Quit

Choice:> 